The target system is: Emscripten - 1 - x86
The host system is: Linux - 4.10.0-28-generic - x86_64
Determining if the include file pthread.h exists passed with the following output:
Change Dir: /home/lefti/workplace/build_js/CMakeFiles/CMakeTmp

Run Build Command:"/usr/bin/make" "cmTC_4ad70/fast"
/usr/bin/make -f CMakeFiles/cmTC_4ad70.dir/build.make CMakeFiles/cmTC_4ad70.dir/build
make[1]: 디렉터리 '/home/lefti/workplace/build_js/CMakeFiles/CMakeTmp' 들어감
Building C object CMakeFiles/cmTC_4ad70.dir/CheckIncludeFile.c.o
/home/lefti/workplace/emsdk/emscripten/1.37.37/emcc    -fsigned-char -W -Wall -Werror=return-type -Werror=non-virtual-dtor -Werror=address -Werror=sequence-point -Wformat -Werror=format-security -Wmissing-declarations -Wmissing-prototypes -Wstrict-prototypes -Wundef -Winit-self -Wpointer-arith -Wshadow -Wsign-promo -Wuninitialized -Winit-self -Winconsistent-missing-override -Wno-narrowing -Wno-delete-non-virtual-dtor -Wno-unnamed-type-template-args -Wno-comment -Wno-implicit-fallthrough -fdiagnostics-show-option -pthread -Qunused-arguments -ffunction-sections -fdata-sections  -fvisibility=hidden -fvisibility-inlines-hidden -s ERROR_ON_UNDEFINED_SYMBOLS=1 -DNDEBUG -O2 -fPIE   -o CMakeFiles/cmTC_4ad70.dir/CheckIncludeFile.c.o   -c /home/lefti/workplace/build_js/CMakeFiles/CMakeTmp/CheckIncludeFile.c
Linking C executable cmTC_4ad70.js
/usr/local/bin/cmake -E cmake_link_script CMakeFiles/cmTC_4ad70.dir/link.txt --verbose=1
/home/lefti/workplace/emsdk/emscripten/1.37.37/emcc     -fsigned-char -W -Wall -Werror=return-type -Werror=non-virtual-dtor -Werror=address -Werror=sequence-point -Wformat -Werror=format-security -Wmissing-declarations -Wmissing-prototypes -Wstrict-prototypes -Wundef -Winit-self -Wpointer-arith -Wshadow -Wsign-promo -Wuninitialized -Winit-self -Winconsistent-missing-override -Wno-narrowing -Wno-delete-non-virtual-dtor -Wno-unnamed-type-template-args -Wno-comment -Wno-implicit-fallthrough -fdiagnostics-show-option -pthread -Qunused-arguments -ffunction-sections -fdata-sections  -fvisibility=hidden -fvisibility-inlines-hidden -s ERROR_ON_UNDEFINED_SYMBOLS=1 -DNDEBUG -O2    -Wl,--gc-sections  -O2 @CMakeFiles/cmTC_4ad70.dir/objects1.rsp  -o cmTC_4ad70.js 
make[1]: 디렉터리 '/home/lefti/workplace/build_js/CMakeFiles/CMakeTmp' 나감


Determining if the posix_memalign exist passed with the following output:
Change Dir: /home/lefti/workplace/build_js/CMakeFiles/CMakeTmp

Run Build Command:"/usr/bin/make" "cmTC_d11f8/fast"
/usr/bin/make -f CMakeFiles/cmTC_d11f8.dir/build.make CMakeFiles/cmTC_d11f8.dir/build
make[1]: 디렉터리 '/home/lefti/workplace/build_js/CMakeFiles/CMakeTmp' 들어감
Building C object CMakeFiles/cmTC_d11f8.dir/CheckSymbolExists.c.o
/home/lefti/workplace/emsdk/emscripten/1.37.37/emcc    -fsigned-char -W -Wall -Werror=return-type -Werror=non-virtual-dtor -Werror=address -Werror=sequence-point -Wformat -Werror=format-security -Wmissing-declarations -Wmissing-prototypes -Wstrict-prototypes -Wundef -Winit-self -Wpointer-arith -Wshadow -Wsign-promo -Wuninitialized -Winit-self -Winconsistent-missing-override -Wno-narrowing -Wno-delete-non-virtual-dtor -Wno-unnamed-type-template-args -Wno-comment -Wno-implicit-fallthrough -fdiagnostics-show-option -pthread -Qunused-arguments -ffunction-sections -fdata-sections  -fvisibility=hidden -fvisibility-inlines-hidden -s ERROR_ON_UNDEFINED_SYMBOLS=1 -DNDEBUG -O2 -fPIE   -o CMakeFiles/cmTC_d11f8.dir/CheckSymbolExists.c.o   -c /home/lefti/workplace/build_js/CMakeFiles/CMakeTmp/CheckSymbolExists.c
Linking C executable cmTC_d11f8.js
/usr/local/bin/cmake -E cmake_link_script CMakeFiles/cmTC_d11f8.dir/link.txt --verbose=1
/home/lefti/workplace/emsdk/emscripten/1.37.37/emcc     -fsigned-char -W -Wall -Werror=return-type -Werror=non-virtual-dtor -Werror=address -Werror=sequence-point -Wformat -Werror=format-security -Wmissing-declarations -Wmissing-prototypes -Wstrict-prototypes -Wundef -Winit-self -Wpointer-arith -Wshadow -Wsign-promo -Wuninitialized -Winit-self -Winconsistent-missing-override -Wno-narrowing -Wno-delete-non-virtual-dtor -Wno-unnamed-type-template-args -Wno-comment -Wno-implicit-fallthrough -fdiagnostics-show-option -pthread -Qunused-arguments -ffunction-sections -fdata-sections  -fvisibility=hidden -fvisibility-inlines-hidden -s ERROR_ON_UNDEFINED_SYMBOLS=1 -DNDEBUG -O2    -Wl,--gc-sections  -O2 @CMakeFiles/cmTC_d11f8.dir/objects1.rsp  -o cmTC_d11f8.js 
make[1]: 디렉터리 '/home/lefti/workplace/build_js/CMakeFiles/CMakeTmp' 나감

File /home/lefti/workplace/build_js/CMakeFiles/CMakeTmp/CheckSymbolExists.c:
/* */
#include <stdlib.h>

int main(int argc, char** argv)
{
  (void)argv;
#ifndef posix_memalign
  return ((int*)(&posix_memalign))[argc];
#else
  (void)argc;
  return 0;
#endif
}

Determining if the include file malloc.h exists passed with the following output:
Change Dir: /home/lefti/workplace/build_js/CMakeFiles/CMakeTmp

Run Build Command:"/usr/bin/make" "cmTC_448d2/fast"
/usr/bin/make -f CMakeFiles/cmTC_448d2.dir/build.make CMakeFiles/cmTC_448d2.dir/build
make[1]: 디렉터리 '/home/lefti/workplace/build_js/CMakeFiles/CMakeTmp' 들어감
Building C object CMakeFiles/cmTC_448d2.dir/CheckIncludeFile.c.o
/home/lefti/workplace/emsdk/emscripten/1.37.37/emcc    -fsigned-char -W -Wall -Werror=return-type -Werror=non-virtual-dtor -Werror=address -Werror=sequence-point -Wformat -Werror=format-security -Wmissing-declarations -Wmissing-prototypes -Wstrict-prototypes -Wundef -Winit-self -Wpointer-arith -Wshadow -Wsign-promo -Wuninitialized -Winit-self -Winconsistent-missing-override -Wno-narrowing -Wno-delete-non-virtual-dtor -Wno-unnamed-type-template-args -Wno-comment -Wno-implicit-fallthrough -fdiagnostics-show-option -pthread -Qunused-arguments -ffunction-sections -fdata-sections  -fvisibility=hidden -fvisibility-inlines-hidden -s ERROR_ON_UNDEFINED_SYMBOLS=1 -DNDEBUG -O2 -fPIE   -o CMakeFiles/cmTC_448d2.dir/CheckIncludeFile.c.o   -c /home/lefti/workplace/build_js/CMakeFiles/CMakeTmp/CheckIncludeFile.c
Linking C executable cmTC_448d2.js
/usr/local/bin/cmake -E cmake_link_script CMakeFiles/cmTC_448d2.dir/link.txt --verbose=1
/home/lefti/workplace/emsdk/emscripten/1.37.37/emcc     -fsigned-char -W -Wall -Werror=return-type -Werror=non-virtual-dtor -Werror=address -Werror=sequence-point -Wformat -Werror=format-security -Wmissing-declarations -Wmissing-prototypes -Wstrict-prototypes -Wundef -Winit-self -Wpointer-arith -Wshadow -Wsign-promo -Wuninitialized -Winit-self -Winconsistent-missing-override -Wno-narrowing -Wno-delete-non-virtual-dtor -Wno-unnamed-type-template-args -Wno-comment -Wno-implicit-fallthrough -fdiagnostics-show-option -pthread -Qunused-arguments -ffunction-sections -fdata-sections  -fvisibility=hidden -fvisibility-inlines-hidden -s ERROR_ON_UNDEFINED_SYMBOLS=1 -DNDEBUG -O2    -Wl,--gc-sections  -O2 @CMakeFiles/cmTC_448d2.dir/objects1.rsp  -o cmTC_448d2.js 
make[1]: 디렉터리 '/home/lefti/workplace/build_js/CMakeFiles/CMakeTmp' 나감


Determining if the memalign exist passed with the following output:
Change Dir: /home/lefti/workplace/build_js/CMakeFiles/CMakeTmp

Run Build Command:"/usr/bin/make" "cmTC_4e222/fast"
/usr/bin/make -f CMakeFiles/cmTC_4e222.dir/build.make CMakeFiles/cmTC_4e222.dir/build
make[1]: 디렉터리 '/home/lefti/workplace/build_js/CMakeFiles/CMakeTmp' 들어감
Building C object CMakeFiles/cmTC_4e222.dir/CheckSymbolExists.c.o
/home/lefti/workplace/emsdk/emscripten/1.37.37/emcc    -fsigned-char -W -Wall -Werror=return-type -Werror=non-virtual-dtor -Werror=address -Werror=sequence-point -Wformat -Werror=format-security -Wmissing-declarations -Wmissing-prototypes -Wstrict-prototypes -Wundef -Winit-self -Wpointer-arith -Wshadow -Wsign-promo -Wuninitialized -Winit-self -Winconsistent-missing-override -Wno-narrowing -Wno-delete-non-virtual-dtor -Wno-unnamed-type-template-args -Wno-comment -Wno-implicit-fallthrough -fdiagnostics-show-option -pthread -Qunused-arguments -ffunction-sections -fdata-sections  -fvisibility=hidden -fvisibility-inlines-hidden -s ERROR_ON_UNDEFINED_SYMBOLS=1 -DNDEBUG -O2 -fPIE   -o CMakeFiles/cmTC_4e222.dir/CheckSymbolExists.c.o   -c /home/lefti/workplace/build_js/CMakeFiles/CMakeTmp/CheckSymbolExists.c
Linking C executable cmTC_4e222.js
/usr/local/bin/cmake -E cmake_link_script CMakeFiles/cmTC_4e222.dir/link.txt --verbose=1
/home/lefti/workplace/emsdk/emscripten/1.37.37/emcc     -fsigned-char -W -Wall -Werror=return-type -Werror=non-virtual-dtor -Werror=address -Werror=sequence-point -Wformat -Werror=format-security -Wmissing-declarations -Wmissing-prototypes -Wstrict-prototypes -Wundef -Winit-self -Wpointer-arith -Wshadow -Wsign-promo -Wuninitialized -Winit-self -Winconsistent-missing-override -Wno-narrowing -Wno-delete-non-virtual-dtor -Wno-unnamed-type-template-args -Wno-comment -Wno-implicit-fallthrough -fdiagnostics-show-option -pthread -Qunused-arguments -ffunction-sections -fdata-sections  -fvisibility=hidden -fvisibility-inlines-hidden -s ERROR_ON_UNDEFINED_SYMBOLS=1 -DNDEBUG -O2    -Wl,--gc-sections  -O2 @CMakeFiles/cmTC_4e222.dir/objects1.rsp  -o cmTC_4e222.js 
make[1]: 디렉터리 '/home/lefti/workplace/build_js/CMakeFiles/CMakeTmp' 나감

File /home/lefti/workplace/build_js/CMakeFiles/CMakeTmp/CheckSymbolExists.c:
/* */
#include <malloc.h>

int main(int argc, char** argv)
{
  (void)argv;
#ifndef memalign
  return ((int*)(&memalign))[argc];
#else
  (void)argc;
  return 0;
#endif
}

Determining if the function fseeko exists passed with the following output:
Change Dir: /home/lefti/workplace/build_js/CMakeFiles/CMakeTmp

Run Build Command:"/usr/bin/make" "cmTC_42b19/fast"
/usr/bin/make -f CMakeFiles/cmTC_42b19.dir/build.make CMakeFiles/cmTC_42b19.dir/build
make[1]: 디렉터리 '/home/lefti/workplace/build_js/CMakeFiles/CMakeTmp' 들어감
Building C object CMakeFiles/cmTC_42b19.dir/CheckFunctionExists.c.o
/home/lefti/workplace/emsdk/emscripten/1.37.37/emcc    -fsigned-char -W -Wall -Werror=return-type -Werror=non-virtual-dtor -Werror=address -Werror=sequence-point -Wformat -Werror=format-security -Wmissing-declarations -Wmissing-prototypes -Wstrict-prototypes -Wundef -Winit-self -Wpointer-arith -Wshadow -Wsign-promo -Wuninitialized -Winit-self -Winconsistent-missing-override -Wno-narrowing -Wno-delete-non-virtual-dtor -Wno-unnamed-type-template-args -Wno-comment -Wno-implicit-fallthrough -fdiagnostics-show-option -pthread -Qunused-arguments -ffunction-sections -fdata-sections  -fvisibility=hidden -fvisibility-inlines-hidden -DCHECK_FUNCTION_EXISTS=fseeko -s ERROR_ON_UNDEFINED_SYMBOLS=1 -DNDEBUG -O2 -fPIE   -o CMakeFiles/cmTC_42b19.dir/CheckFunctionExists.c.o   -c /usr/local/share/cmake-3.6/Modules/CheckFunctionExists.c
/usr/local/share/cmake-3.6/Modules/CheckFunctionExists.c:7:24: warning: this function declaration is not a prototype [-Wstrict-prototypes]
  CHECK_FUNCTION_EXISTS();
                       ^
                        void
1 warning generated.
Linking C executable cmTC_42b19.js
/usr/local/bin/cmake -E cmake_link_script CMakeFiles/cmTC_42b19.dir/link.txt --verbose=1
/home/lefti/workplace/emsdk/emscripten/1.37.37/emcc     -fsigned-char -W -Wall -Werror=return-type -Werror=non-virtual-dtor -Werror=address -Werror=sequence-point -Wformat -Werror=format-security -Wmissing-declarations -Wmissing-prototypes -Wstrict-prototypes -Wundef -Winit-self -Wpointer-arith -Wshadow -Wsign-promo -Wuninitialized -Winit-self -Winconsistent-missing-override -Wno-narrowing -Wno-delete-non-virtual-dtor -Wno-unnamed-type-template-args -Wno-comment -Wno-implicit-fallthrough -fdiagnostics-show-option -pthread -Qunused-arguments -ffunction-sections -fdata-sections  -fvisibility=hidden -fvisibility-inlines-hidden -DCHECK_FUNCTION_EXISTS=fseeko -s ERROR_ON_UNDEFINED_SYMBOLS=1 -DNDEBUG -O2    -Wl,--gc-sections  -O2 @CMakeFiles/cmTC_42b19.dir/objects1.rsp  -o cmTC_42b19.js 
make[1]: 디렉터리 '/home/lefti/workplace/build_js/CMakeFiles/CMakeTmp' 나감


Determining if the include file unistd.h exists passed with the following output:
Change Dir: /home/lefti/workplace/build_js/CMakeFiles/CMakeTmp

Run Build Command:"/usr/bin/make" "cmTC_631a7/fast"
/usr/bin/make -f CMakeFiles/cmTC_631a7.dir/build.make CMakeFiles/cmTC_631a7.dir/build
make[1]: 디렉터리 '/home/lefti/workplace/build_js/CMakeFiles/CMakeTmp' 들어감
Building C object CMakeFiles/cmTC_631a7.dir/CheckIncludeFile.c.o
/home/lefti/workplace/emsdk/emscripten/1.37.37/emcc    -fsigned-char -W -Wall -Werror=return-type -Werror=non-virtual-dtor -Werror=address -Werror=sequence-point -Wformat -Werror=format-security -Wmissing-declarations -Wmissing-prototypes -Wstrict-prototypes -Wundef -Winit-self -Wpointer-arith -Wshadow -Wsign-promo -Wuninitialized -Winit-self -Winconsistent-missing-override -Wno-narrowing -Wno-delete-non-virtual-dtor -Wno-unnamed-type-template-args -Wno-comment -Wno-implicit-fallthrough -fdiagnostics-show-option -pthread -Qunused-arguments -ffunction-sections -fdata-sections  -fvisibility=hidden -fvisibility-inlines-hidden -s ERROR_ON_UNDEFINED_SYMBOLS=1 -DNDEBUG -O2 -fPIE   -o CMakeFiles/cmTC_631a7.dir/CheckIncludeFile.c.o   -c /home/lefti/workplace/build_js/CMakeFiles/CMakeTmp/CheckIncludeFile.c
Linking C executable cmTC_631a7.js
/usr/local/bin/cmake -E cmake_link_script CMakeFiles/cmTC_631a7.dir/link.txt --verbose=1
/home/lefti/workplace/emsdk/emscripten/1.37.37/emcc     -fsigned-char -W -Wall -Werror=return-type -Werror=non-virtual-dtor -Werror=address -Werror=sequence-point -Wformat -Werror=format-security -Wmissing-declarations -Wmissing-prototypes -Wstrict-prototypes -Wundef -Winit-self -Wpointer-arith -Wshadow -Wsign-promo -Wuninitialized -Winit-self -Winconsistent-missing-override -Wno-narrowing -Wno-delete-non-virtual-dtor -Wno-unnamed-type-template-args -Wno-comment -Wno-implicit-fallthrough -fdiagnostics-show-option -pthread -Qunused-arguments -ffunction-sections -fdata-sections  -fvisibility=hidden -fvisibility-inlines-hidden -s ERROR_ON_UNDEFINED_SYMBOLS=1 -DNDEBUG -O2    -Wl,--gc-sections  -O2 @CMakeFiles/cmTC_631a7.dir/objects1.rsp  -o cmTC_631a7.js 
make[1]: 디렉터리 '/home/lefti/workplace/build_js/CMakeFiles/CMakeTmp' 나감


Determining if the include file sys/types.h exists passed with the following output:
Change Dir: /home/lefti/workplace/build_js/CMakeFiles/CMakeTmp

Run Build Command:"/usr/bin/make" "cmTC_9bdd4/fast"
/usr/bin/make -f CMakeFiles/cmTC_9bdd4.dir/build.make CMakeFiles/cmTC_9bdd4.dir/build
make[1]: 디렉터리 '/home/lefti/workplace/build_js/CMakeFiles/CMakeTmp' 들어감
Building C object CMakeFiles/cmTC_9bdd4.dir/CheckIncludeFile.c.o
/home/lefti/workplace/emsdk/emscripten/1.37.37/emcc    -fsigned-char -W -Wall -Werror=return-type -Werror=non-virtual-dtor -Werror=address -Werror=sequence-point -Wformat -Werror=format-security -Wmissing-declarations -Wmissing-prototypes -Wstrict-prototypes -Wundef -Winit-self -Wpointer-arith -Wshadow -Wsign-promo -Wuninitialized -Winit-self -Winconsistent-missing-override -Wno-narrowing -Wno-delete-non-virtual-dtor -Wno-unnamed-type-template-args -Wno-comment -Wno-implicit-fallthrough -fdiagnostics-show-option -pthread -Qunused-arguments -ffunction-sections -fdata-sections  -fvisibility=hidden -fvisibility-inlines-hidden -s ERROR_ON_UNDEFINED_SYMBOLS=1 -DNDEBUG -O2 -fPIE   -o CMakeFiles/cmTC_9bdd4.dir/CheckIncludeFile.c.o   -c /home/lefti/workplace/build_js/CMakeFiles/CMakeTmp/CheckIncludeFile.c
Linking C executable cmTC_9bdd4.js
/usr/local/bin/cmake -E cmake_link_script CMakeFiles/cmTC_9bdd4.dir/link.txt --verbose=1
/home/lefti/workplace/emsdk/emscripten/1.37.37/emcc     -fsigned-char -W -Wall -Werror=return-type -Werror=non-virtual-dtor -Werror=address -Werror=sequence-point -Wformat -Werror=format-security -Wmissing-declarations -Wmissing-prototypes -Wstrict-prototypes -Wundef -Winit-self -Wpointer-arith -Wshadow -Wsign-promo -Wuninitialized -Winit-self -Winconsistent-missing-override -Wno-narrowing -Wno-delete-non-virtual-dtor -Wno-unnamed-type-template-args -Wno-comment -Wno-implicit-fallthrough -fdiagnostics-show-option -pthread -Qunused-arguments -ffunction-sections -fdata-sections  -fvisibility=hidden -fvisibility-inlines-hidden -s ERROR_ON_UNDEFINED_SYMBOLS=1 -DNDEBUG -O2    -Wl,--gc-sections  -O2 @CMakeFiles/cmTC_9bdd4.dir/objects1.rsp  -o cmTC_9bdd4.js 
make[1]: 디렉터리 '/home/lefti/workplace/build_js/CMakeFiles/CMakeTmp' 나감


Determining if the include file stdint.h exists passed with the following output:
Change Dir: /home/lefti/workplace/build_js/CMakeFiles/CMakeTmp

Run Build Command:"/usr/bin/make" "cmTC_a15d3/fast"
/usr/bin/make -f CMakeFiles/cmTC_a15d3.dir/build.make CMakeFiles/cmTC_a15d3.dir/build
make[1]: 디렉터리 '/home/lefti/workplace/build_js/CMakeFiles/CMakeTmp' 들어감
Building C object CMakeFiles/cmTC_a15d3.dir/CheckIncludeFile.c.o
/home/lefti/workplace/emsdk/emscripten/1.37.37/emcc    -fsigned-char -W -Wall -Werror=return-type -Werror=non-virtual-dtor -Werror=address -Werror=sequence-point -Wformat -Werror=format-security -Wmissing-declarations -Wmissing-prototypes -Wstrict-prototypes -Wundef -Winit-self -Wpointer-arith -Wshadow -Wsign-promo -Wuninitialized -Winit-self -Winconsistent-missing-override -Wno-narrowing -Wno-delete-non-virtual-dtor -Wno-unnamed-type-template-args -Wno-comment -Wno-implicit-fallthrough -fdiagnostics-show-option -pthread -Qunused-arguments -ffunction-sections -fdata-sections  -fvisibility=hidden -fvisibility-inlines-hidden -s ERROR_ON_UNDEFINED_SYMBOLS=1 -DNDEBUG -O2 -fPIE   -o CMakeFiles/cmTC_a15d3.dir/CheckIncludeFile.c.o   -c /home/lefti/workplace/build_js/CMakeFiles/CMakeTmp/CheckIncludeFile.c
Linking C executable cmTC_a15d3.js
/usr/local/bin/cmake -E cmake_link_script CMakeFiles/cmTC_a15d3.dir/link.txt --verbose=1
/home/lefti/workplace/emsdk/emscripten/1.37.37/emcc     -fsigned-char -W -Wall -Werror=return-type -Werror=non-virtual-dtor -Werror=address -Werror=sequence-point -Wformat -Werror=format-security -Wmissing-declarations -Wmissing-prototypes -Wstrict-prototypes -Wundef -Winit-self -Wpointer-arith -Wshadow -Wsign-promo -Wuninitialized -Winit-self -Winconsistent-missing-override -Wno-narrowing -Wno-delete-non-virtual-dtor -Wno-unnamed-type-template-args -Wno-comment -Wno-implicit-fallthrough -fdiagnostics-show-option -pthread -Qunused-arguments -ffunction-sections -fdata-sections  -fvisibility=hidden -fvisibility-inlines-hidden -s ERROR_ON_UNDEFINED_SYMBOLS=1 -DNDEBUG -O2    -Wl,--gc-sections  -O2 @CMakeFiles/cmTC_a15d3.dir/objects1.rsp  -o cmTC_a15d3.js 
make[1]: 디렉터리 '/home/lefti/workplace/build_js/CMakeFiles/CMakeTmp' 나감


Determining if the include file stddef.h exists passed with the following output:
Change Dir: /home/lefti/workplace/build_js/CMakeFiles/CMakeTmp

Run Build Command:"/usr/bin/make" "cmTC_55daf/fast"
/usr/bin/make -f CMakeFiles/cmTC_55daf.dir/build.make CMakeFiles/cmTC_55daf.dir/build
make[1]: 디렉터리 '/home/lefti/workplace/build_js/CMakeFiles/CMakeTmp' 들어감
Building C object CMakeFiles/cmTC_55daf.dir/CheckIncludeFile.c.o
/home/lefti/workplace/emsdk/emscripten/1.37.37/emcc    -fsigned-char -W -Wall -Werror=return-type -Werror=non-virtual-dtor -Werror=address -Werror=sequence-point -Wformat -Werror=format-security -Wmissing-declarations -Wmissing-prototypes -Wstrict-prototypes -Wundef -Winit-self -Wpointer-arith -Wshadow -Wsign-promo -Wuninitialized -Winit-self -Winconsistent-missing-override -Wno-narrowing -Wno-delete-non-virtual-dtor -Wno-unnamed-type-template-args -Wno-comment -Wno-implicit-fallthrough -fdiagnostics-show-option -pthread -Qunused-arguments -ffunction-sections -fdata-sections  -fvisibility=hidden -fvisibility-inlines-hidden -s ERROR_ON_UNDEFINED_SYMBOLS=1 -DNDEBUG -O2 -fPIE   -o CMakeFiles/cmTC_55daf.dir/CheckIncludeFile.c.o   -c /home/lefti/workplace/build_js/CMakeFiles/CMakeTmp/CheckIncludeFile.c
Linking C executable cmTC_55daf.js
/usr/local/bin/cmake -E cmake_link_script CMakeFiles/cmTC_55daf.dir/link.txt --verbose=1
/home/lefti/workplace/emsdk/emscripten/1.37.37/emcc     -fsigned-char -W -Wall -Werror=return-type -Werror=non-virtual-dtor -Werror=address -Werror=sequence-point -Wformat -Werror=format-security -Wmissing-declarations -Wmissing-prototypes -Wstrict-prototypes -Wundef -Winit-self -Wpointer-arith -Wshadow -Wsign-promo -Wuninitialized -Winit-self -Winconsistent-missing-override -Wno-narrowing -Wno-delete-non-virtual-dtor -Wno-unnamed-type-template-args -Wno-comment -Wno-implicit-fallthrough -fdiagnostics-show-option -pthread -Qunused-arguments -ffunction-sections -fdata-sections  -fvisibility=hidden -fvisibility-inlines-hidden -s ERROR_ON_UNDEFINED_SYMBOLS=1 -DNDEBUG -O2    -Wl,--gc-sections  -O2 @CMakeFiles/cmTC_55daf.dir/objects1.rsp  -o cmTC_55daf.js 
make[1]: 디렉터리 '/home/lefti/workplace/build_js/CMakeFiles/CMakeTmp' 나감


